{"meta": {"version": "7.3.2", "timestamp": "2023-12-12T23:29:15.338344", "branch_coverage": false, "show_contexts": false}, "files": {"src/app.py": {"executed_lines": [1, 2, 3, 4, 6, 7, 8, 9, 11, 12, 14, 15, 17, 19, 21, 22, 23, 25, 26, 27, 28], "summary": {"covered_lines": 21, "num_statements": 21, "percent_covered": 100.0, "percent_covered_display": "100", "missing_lines": 0, "excluded_lines": 0}, "missing_lines": [], "excluded_lines": []}, "src/connections/redis.py": {"executed_lines": [1, 2, 3, 6, 7, 8, 9, 10, 11, 17, 18], "summary": {"covered_lines": 11, "num_statements": 11, "percent_covered": 100.0, "percent_covered_display": "100", "missing_lines": 0, "excluded_lines": 0}, "missing_lines": [], "excluded_lines": []}, "src/middleware/global_timeout.py": {"executed_lines": [1, 2, 3, 5, 8, 9, 10, 11, 13, 16, 17, 18, 19, 20], "summary": {"covered_lines": 14, "num_statements": 17, "percent_covered": 82.3529411764706, "percent_covered_display": "82", "missing_lines": 3, "excluded_lines": 0}, "missing_lines": [21, 22, 23], "excluded_lines": []}}, "totals": {"covered_lines": 46, "num_statements": 49, "percent_covered": 93.87755102040816, "percent_covered_display": "94", "missing_lines": 3, "excluded_lines": 0}}